24-10-21 00:09:42.928 - INFO:   name: DANx4_setting1
  use_tb_logger: True
  model: blind
  distortion: sr
  scale: 4
  gpu_ids: [0, 1, 2, 3, 4, 5, 6, 7]
  pca_matrix_path: ../../../pca_matrix/DANv1/pca_matrix.pth
  degradation:[
    random_kernel: True
    ksize: 21
    code_length: 10
    sig_min: 0.2
    sig_max: 4.0
    rate_iso: 1.0
    random_disturb: False
  ]
  datasets:[
    train:[
      name: DIV2K
      mode: GT
      dataroot_GT: /data/gong1024/gong.lmdb
      use_shuffle: True
      n_workers: 8
      batch_size: 64
      GT_size: 256
      LR_size: 64
      use_flip: True
      use_rot: True
      color: RGB
      phase: train
      scale: 4
      data_type: lmdb
    ]
    val:[
      name: DIV2KRK
      mode: LQGT
      dataroot_GT: /data/gong1024/gong.lmdb
      dataroot_LQ: /data/chase256/chase.lmdb
      phase: val
      scale: 4
      data_type: lmdb
    ]
  ]
  network_G:[
    which_model_G: DAN
    setting:[
      nf: 64
      nb: 40
      input_para: 10
      loop: 4
      kernel_size: 21
      pca_matrix_path: ../../../pca_matrix/DANv1/pca_matrix.pth
      upscale: 4
    ]
  ]
  path:[
    pretrain_model_G: None
    strict_load: True
    resume_state: None
    root: D:\go_to_D\ChallengeCup\DAN
    experiments_root: D:\go_to_D\ChallengeCup\DAN\experiments\DANv1\DANx4_setting1
    models: D:\go_to_D\ChallengeCup\DAN\experiments\DANv1\DANx4_setting1\models
    training_state: D:\go_to_D\ChallengeCup\DAN\experiments\DANv1\DANx4_setting1\training_state
    log: D:\go_to_D\ChallengeCup\DAN\experiments\DANv1\DANx4_setting1
    val_images: D:\go_to_D\ChallengeCup\DAN\experiments\DANv1\DANx4_setting1\val_images
  ]
  train:[
    lr_G: 0.0004
    lr_scheme: MultiStepLR
    beta1: 0.9
    beta2: 0.99
    niter: 400000
    warmup_iter: -1
    lr_steps: [200000]
    lr_gamma: 0.5
    eta_min: 1e-07
    pixel_criterion: l1
    pixel_weight: 1.0
    manual_seed: 0
    val_freq: 2500.0
  ]
  logger:[
    print_freq: 20
    save_checkpoint_freq: 2500.0
  ]
  is_train: True
  dist: False

